<?xml version="1.0" encoding="UTF-8"?>
<testng-results ignored="0" total="3" passed="3" failed="0" skipped="0">
  <reporter-output>
  </reporter-output>
  <suite started-at="2023-09-05T17:07:02 IST" name="Suite" finished-at="2023-09-05T17:07:19 IST" duration-ms="16518">
    <groups>
    </groups>
    <test started-at="2023-09-05T17:07:02 IST" name="Test" finished-at="2023-09-05T17:07:04 IST" duration-ms="1457">
      <class name="testCases.Logintestcase">
        <test-method signature="login()[pri:0, instance:testCases.Logintestcase@2767e23c]" started-at="2023-09-05T17:07:02 IST" name="login" finished-at="2023-09-05T17:07:04 IST" duration-ms="1259" status="PASS">
          <reporter-output>
          </reporter-output>
        </test-method> <!-- login -->
      </class> <!-- testCases.Logintestcase -->
    </test> <!-- Test -->
    <test started-at="2023-09-05T17:07:05 IST" name="product" finished-at="2023-09-05T17:07:14 IST" duration-ms="9427">
      <class name="testCases.ProductTC">
        <test-method signature="product()[pri:0, instance:testCases.ProductTC@4a8355dd]" started-at="2023-09-05T17:07:05 IST" name="product" finished-at="2023-09-05T17:07:14 IST" duration-ms="9415" status="PASS">
          <reporter-output>
          </reporter-output>
        </test-method> <!-- product -->
      </class> <!-- testCases.ProductTC -->
    </test> <!-- product -->
    <test started-at="2023-09-05T17:07:14 IST" name="cart" finished-at="2023-09-05T17:07:19 IST" duration-ms="4323">
      <class name="testCases.AddcartTC">
        <test-method is-config="true" signature="getin()[pri:0, instance:testCases.AddcartTC@536f2a7e]" started-at="2023-09-05T17:06:54 IST" name="getin" finished-at="2023-09-05T17:07:02 IST" duration-ms="8290" status="PASS">
          <reporter-output>
          </reporter-output>
        </test-method> <!-- getin -->
        <test-method signature="cart()[pri:0, instance:testCases.AddcartTC@536f2a7e]" started-at="2023-09-05T17:07:14 IST" name="cart" finished-at="2023-09-05T17:07:19 IST" duration-ms="4312" status="PASS">
          <reporter-output>
          </reporter-output>
        </test-method> <!-- cart -->
        <test-method is-config="true" signature="teardown()[pri:0, instance:testCases.AddcartTC@536f2a7e]" started-at="2023-09-05T17:07:19 IST" name="teardown" finished-at="2023-09-05T17:07:19 IST" duration-ms="625" status="PASS">
          <reporter-output>
          </reporter-output>
        </test-method> <!-- teardown -->
      </class> <!-- testCases.AddcartTC -->
    </test> <!-- cart -->
  </suite> <!-- Suite -->
</testng-results>
